CRITICAL - 2021-10-27 15:29:05 --> Undefined variable: validation
#0 C:\xampp\htdocs\D-smart\app\Views\auth\login.php(27): CodeIgniter\Debug\Exceptions->errorHandler(8, 'Undefined varia...', 'C:\\xampp\\htdocs...', 27, Array)
#1 C:\xampp\htdocs\D-smart\vendor\codeigniter4\framework\system\View\View.php(214): include('C:\\xampp\\htdocs...')
#2 C:\xampp\htdocs\D-smart\vendor\codeigniter4\framework\system\View\View.php(217): CodeIgniter\View\View->CodeIgniter\View\{closure}()
#3 C:\xampp\htdocs\D-smart\vendor\codeigniter4\framework\system\Common.php(1092): CodeIgniter\View\View->render('auth/login', Array, true)
#4 C:\xampp\htdocs\D-smart\app\Controllers\Auth.php(17): view('auth/login')
#5 C:\xampp\htdocs\D-smart\vendor\codeigniter4\framework\system\CodeIgniter.php(802): App\Controllers\Auth->index()
#6 C:\xampp\htdocs\D-smart\vendor\codeigniter4\framework\system\CodeIgniter.php(399): CodeIgniter\CodeIgniter->runController(Object(App\Controllers\Auth))
#7 C:\xampp\htdocs\D-smart\vendor\codeigniter4\framework\system\CodeIgniter.php(317): CodeIgniter\CodeIgniter->handleRequest(NULL, Object(Config\Cache), false)
#8 C:\xampp\htdocs\D-smart\public\index.php(37): CodeIgniter\CodeIgniter->run()
#9 C:\xampp\htdocs\D-smart\vendor\codeigniter4\framework\system\Commands\Server\rewrite.php(43): require_once('C:\\xampp\\htdocs...')
#10 {main}
CRITICAL - 2021-10-27 15:29:09 --> required|min_length is not a valid rule.
#0 C:\xampp\htdocs\D-smart\vendor\codeigniter4\framework\system\Validation\Validation.php(285): CodeIgniter\Validation\Exceptions\ValidationException::forRuleNotFound('required|min_le...')
#1 C:\xampp\htdocs\D-smart\vendor\codeigniter4\framework\system\Validation\Validation.php(151): CodeIgniter\Validation\Validation->processRules('password', 'password', '', Array, Array)
#2 C:\xampp\htdocs\D-smart\vendor\codeigniter4\framework\system\Controller.php(160): CodeIgniter\Validation\Validation->run()
#3 C:\xampp\htdocs\D-smart\app\Controllers\Auth.php(109): CodeIgniter\Controller->validate(Array)
#4 C:\xampp\htdocs\D-smart\vendor\codeigniter4\framework\system\CodeIgniter.php(802): App\Controllers\Auth->check()
#5 C:\xampp\htdocs\D-smart\vendor\codeigniter4\framework\system\CodeIgniter.php(399): CodeIgniter\CodeIgniter->runController(Object(App\Controllers\Auth))
#6 C:\xampp\htdocs\D-smart\vendor\codeigniter4\framework\system\CodeIgniter.php(317): CodeIgniter\CodeIgniter->handleRequest(NULL, Object(Config\Cache), false)
#7 C:\xampp\htdocs\D-smart\public\index.php(37): CodeIgniter\CodeIgniter->run()
#8 C:\xampp\htdocs\D-smart\vendor\codeigniter4\framework\system\Commands\Server\rewrite.php(43): require_once('C:\\xampp\\htdocs...')
#9 {main}
CRITICAL - 2021-10-27 15:32:00 --> Undefined variable: validation
#0 C:\xampp\htdocs\D-smart\app\Views\auth\login.php(27): CodeIgniter\Debug\Exceptions->errorHandler(8, 'Undefined varia...', 'C:\\xampp\\htdocs...', 27, Array)
#1 C:\xampp\htdocs\D-smart\vendor\codeigniter4\framework\system\View\View.php(214): include('C:\\xampp\\htdocs...')
#2 C:\xampp\htdocs\D-smart\vendor\codeigniter4\framework\system\View\View.php(217): CodeIgniter\View\View->CodeIgniter\View\{closure}()
#3 C:\xampp\htdocs\D-smart\vendor\codeigniter4\framework\system\Common.php(1092): CodeIgniter\View\View->render('auth/login', Array, true)
#4 C:\xampp\htdocs\D-smart\app\Controllers\Auth.php(17): view('auth/login')
#5 C:\xampp\htdocs\D-smart\vendor\codeigniter4\framework\system\CodeIgniter.php(802): App\Controllers\Auth->index()
#6 C:\xampp\htdocs\D-smart\vendor\codeigniter4\framework\system\CodeIgniter.php(399): CodeIgniter\CodeIgniter->runController(Object(App\Controllers\Auth))
#7 C:\xampp\htdocs\D-smart\vendor\codeigniter4\framework\system\CodeIgniter.php(317): CodeIgniter\CodeIgniter->handleRequest(NULL, Object(Config\Cache), false)
#8 C:\xampp\htdocs\D-smart\public\index.php(37): CodeIgniter\CodeIgniter->run()
#9 C:\xampp\htdocs\D-smart\vendor\codeigniter4\framework\system\Commands\Server\rewrite.php(43): require_once('C:\\xampp\\htdocs...')
#10 {main}
CRITICAL - 2021-10-27 15:32:02 --> Undefined variable: validation
#0 C:\xampp\htdocs\D-smart\app\Views\auth\login.php(27): CodeIgniter\Debug\Exceptions->errorHandler(8, 'Undefined varia...', 'C:\\xampp\\htdocs...', 27, Array)
#1 C:\xampp\htdocs\D-smart\vendor\codeigniter4\framework\system\View\View.php(214): include('C:\\xampp\\htdocs...')
#2 C:\xampp\htdocs\D-smart\vendor\codeigniter4\framework\system\View\View.php(217): CodeIgniter\View\View->CodeIgniter\View\{closure}()
#3 C:\xampp\htdocs\D-smart\vendor\codeigniter4\framework\system\Common.php(1092): CodeIgniter\View\View->render('auth/login', Array, true)
#4 C:\xampp\htdocs\D-smart\app\Controllers\Auth.php(17): view('auth/login')
#5 C:\xampp\htdocs\D-smart\vendor\codeigniter4\framework\system\CodeIgniter.php(802): App\Controllers\Auth->index()
#6 C:\xampp\htdocs\D-smart\vendor\codeigniter4\framework\system\CodeIgniter.php(399): CodeIgniter\CodeIgniter->runController(Object(App\Controllers\Auth))
#7 C:\xampp\htdocs\D-smart\vendor\codeigniter4\framework\system\CodeIgniter.php(317): CodeIgniter\CodeIgniter->handleRequest(NULL, Object(Config\Cache), false)
#8 C:\xampp\htdocs\D-smart\public\index.php(37): CodeIgniter\CodeIgniter->run()
#9 C:\xampp\htdocs\D-smart\vendor\codeigniter4\framework\system\Commands\Server\rewrite.php(43): require_once('C:\\xampp\\htdocs...')
#10 {main}
CRITICAL - 2021-10-27 15:32:04 --> Undefined variable: validation
#0 C:\xampp\htdocs\D-smart\app\Views\auth\login.php(27): CodeIgniter\Debug\Exceptions->errorHandler(8, 'Undefined varia...', 'C:\\xampp\\htdocs...', 27, Array)
#1 C:\xampp\htdocs\D-smart\vendor\codeigniter4\framework\system\View\View.php(214): include('C:\\xampp\\htdocs...')
#2 C:\xampp\htdocs\D-smart\vendor\codeigniter4\framework\system\View\View.php(217): CodeIgniter\View\View->CodeIgniter\View\{closure}()
#3 C:\xampp\htdocs\D-smart\vendor\codeigniter4\framework\system\Common.php(1092): CodeIgniter\View\View->render('auth/login', Array, true)
#4 C:\xampp\htdocs\D-smart\app\Controllers\Auth.php(17): view('auth/login')
#5 C:\xampp\htdocs\D-smart\vendor\codeigniter4\framework\system\CodeIgniter.php(802): App\Controllers\Auth->index()
#6 C:\xampp\htdocs\D-smart\vendor\codeigniter4\framework\system\CodeIgniter.php(399): CodeIgniter\CodeIgniter->runController(Object(App\Controllers\Auth))
#7 C:\xampp\htdocs\D-smart\vendor\codeigniter4\framework\system\CodeIgniter.php(317): CodeIgniter\CodeIgniter->handleRequest(NULL, Object(Config\Cache), false)
#8 C:\xampp\htdocs\D-smart\public\index.php(37): CodeIgniter\CodeIgniter->run()
#9 C:\xampp\htdocs\D-smart\vendor\codeigniter4\framework\system\Commands\Server\rewrite.php(43): require_once('C:\\xampp\\htdocs...')
#10 {main}
CRITICAL - 2021-10-27 15:32:06 --> Undefined variable: validation
#0 C:\xampp\htdocs\D-smart\app\Views\auth\login.php(27): CodeIgniter\Debug\Exceptions->errorHandler(8, 'Undefined varia...', 'C:\\xampp\\htdocs...', 27, Array)
#1 C:\xampp\htdocs\D-smart\vendor\codeigniter4\framework\system\View\View.php(214): include('C:\\xampp\\htdocs...')
#2 C:\xampp\htdocs\D-smart\vendor\codeigniter4\framework\system\View\View.php(217): CodeIgniter\View\View->CodeIgniter\View\{closure}()
#3 C:\xampp\htdocs\D-smart\vendor\codeigniter4\framework\system\Common.php(1092): CodeIgniter\View\View->render('auth/login', Array, true)
#4 C:\xampp\htdocs\D-smart\app\Controllers\Auth.php(17): view('auth/login')
#5 C:\xampp\htdocs\D-smart\vendor\codeigniter4\framework\system\CodeIgniter.php(802): App\Controllers\Auth->index()
#6 C:\xampp\htdocs\D-smart\vendor\codeigniter4\framework\system\CodeIgniter.php(399): CodeIgniter\CodeIgniter->runController(Object(App\Controllers\Auth))
#7 C:\xampp\htdocs\D-smart\vendor\codeigniter4\framework\system\CodeIgniter.php(317): CodeIgniter\CodeIgniter->handleRequest(NULL, Object(Config\Cache), false)
#8 C:\xampp\htdocs\D-smart\public\index.php(37): CodeIgniter\CodeIgniter->run()
#9 C:\xampp\htdocs\D-smart\vendor\codeigniter4\framework\system\Commands\Server\rewrite.php(43): require_once('C:\\xampp\\htdocs...')
#10 {main}
CRITICAL - 2021-10-27 15:37:14 --> Undefined variable: validation
#0 C:\xampp\htdocs\D-smart\app\Views\auth\login.php(27): CodeIgniter\Debug\Exceptions->errorHandler(8, 'Undefined varia...', 'C:\\xampp\\htdocs...', 27, Array)
#1 C:\xampp\htdocs\D-smart\vendor\codeigniter4\framework\system\View\View.php(214): include('C:\\xampp\\htdocs...')
#2 C:\xampp\htdocs\D-smart\vendor\codeigniter4\framework\system\View\View.php(217): CodeIgniter\View\View->CodeIgniter\View\{closure}()
#3 C:\xampp\htdocs\D-smart\vendor\codeigniter4\framework\system\Common.php(1092): CodeIgniter\View\View->render('auth/login', Array, true)
#4 C:\xampp\htdocs\D-smart\app\Controllers\Auth.php(17): view('auth/login')
#5 C:\xampp\htdocs\D-smart\vendor\codeigniter4\framework\system\CodeIgniter.php(802): App\Controllers\Auth->index()
#6 C:\xampp\htdocs\D-smart\vendor\codeigniter4\framework\system\CodeIgniter.php(399): CodeIgniter\CodeIgniter->runController(Object(App\Controllers\Auth))
#7 C:\xampp\htdocs\D-smart\vendor\codeigniter4\framework\system\CodeIgniter.php(317): CodeIgniter\CodeIgniter->handleRequest(NULL, Object(Config\Cache), false)
#8 C:\xampp\htdocs\D-smart\public\index.php(37): CodeIgniter\CodeIgniter->run()
#9 C:\xampp\htdocs\D-smart\vendor\codeigniter4\framework\system\Commands\Server\rewrite.php(43): require_once('C:\\xampp\\htdocs...')
#10 {main}
CRITICAL - 2021-10-27 15:37:36 --> Undefined variable: validation
#0 C:\xampp\htdocs\D-smart\app\Views\auth\login.php(27): CodeIgniter\Debug\Exceptions->errorHandler(8, 'Undefined varia...', 'C:\\xampp\\htdocs...', 27, Array)
#1 C:\xampp\htdocs\D-smart\vendor\codeigniter4\framework\system\View\View.php(214): include('C:\\xampp\\htdocs...')
#2 C:\xampp\htdocs\D-smart\vendor\codeigniter4\framework\system\View\View.php(217): CodeIgniter\View\View->CodeIgniter\View\{closure}()
#3 C:\xampp\htdocs\D-smart\vendor\codeigniter4\framework\system\Common.php(1092): CodeIgniter\View\View->render('auth/login', Array, true)
#4 C:\xampp\htdocs\D-smart\app\Controllers\Auth.php(17): view('auth/login')
#5 C:\xampp\htdocs\D-smart\vendor\codeigniter4\framework\system\CodeIgniter.php(802): App\Controllers\Auth->index()
#6 C:\xampp\htdocs\D-smart\vendor\codeigniter4\framework\system\CodeIgniter.php(399): CodeIgniter\CodeIgniter->runController(Object(App\Controllers\Auth))
#7 C:\xampp\htdocs\D-smart\vendor\codeigniter4\framework\system\CodeIgniter.php(317): CodeIgniter\CodeIgniter->handleRequest(NULL, Object(Config\Cache), false)
#8 C:\xampp\htdocs\D-smart\public\index.php(37): CodeIgniter\CodeIgniter->run()
#9 C:\xampp\htdocs\D-smart\vendor\codeigniter4\framework\system\Commands\Server\rewrite.php(43): require_once('C:\\xampp\\htdocs...')
#10 {main}
CRITICAL - 2021-10-27 15:42:19 --> Undefined variable: validation
#0 C:\xampp\htdocs\D-smart\app\Views\auth\login.php(27): CodeIgniter\Debug\Exceptions->errorHandler(8, 'Undefined varia...', 'C:\\xampp\\htdocs...', 27, Array)
#1 C:\xampp\htdocs\D-smart\vendor\codeigniter4\framework\system\View\View.php(214): include('C:\\xampp\\htdocs...')
#2 C:\xampp\htdocs\D-smart\vendor\codeigniter4\framework\system\View\View.php(217): CodeIgniter\View\View->CodeIgniter\View\{closure}()
#3 C:\xampp\htdocs\D-smart\vendor\codeigniter4\framework\system\Common.php(1092): CodeIgniter\View\View->render('auth/login', Array, true)
#4 C:\xampp\htdocs\D-smart\app\Controllers\Auth.php(17): view('auth/login')
#5 C:\xampp\htdocs\D-smart\vendor\codeigniter4\framework\system\CodeIgniter.php(802): App\Controllers\Auth->index()
#6 C:\xampp\htdocs\D-smart\vendor\codeigniter4\framework\system\CodeIgniter.php(399): CodeIgniter\CodeIgniter->runController(Object(App\Controllers\Auth))
#7 C:\xampp\htdocs\D-smart\vendor\codeigniter4\framework\system\CodeIgniter.php(317): CodeIgniter\CodeIgniter->handleRequest(NULL, Object(Config\Cache), false)
#8 C:\xampp\htdocs\D-smart\public\index.php(37): CodeIgniter\CodeIgniter->run()
#9 C:\xampp\htdocs\D-smart\vendor\codeigniter4\framework\system\Commands\Server\rewrite.php(43): require_once('C:\\xampp\\htdocs...')
#10 {main}
CRITICAL - 2021-10-27 15:42:22 --> Undefined variable: validation
#0 C:\xampp\htdocs\D-smart\app\Views\auth\login.php(27): CodeIgniter\Debug\Exceptions->errorHandler(8, 'Undefined varia...', 'C:\\xampp\\htdocs...', 27, Array)
#1 C:\xampp\htdocs\D-smart\vendor\codeigniter4\framework\system\View\View.php(214): include('C:\\xampp\\htdocs...')
#2 C:\xampp\htdocs\D-smart\vendor\codeigniter4\framework\system\View\View.php(217): CodeIgniter\View\View->CodeIgniter\View\{closure}()
#3 C:\xampp\htdocs\D-smart\vendor\codeigniter4\framework\system\Common.php(1092): CodeIgniter\View\View->render('auth/login', Array, true)
#4 C:\xampp\htdocs\D-smart\app\Controllers\Auth.php(17): view('auth/login')
#5 C:\xampp\htdocs\D-smart\vendor\codeigniter4\framework\system\CodeIgniter.php(802): App\Controllers\Auth->index()
#6 C:\xampp\htdocs\D-smart\vendor\codeigniter4\framework\system\CodeIgniter.php(399): CodeIgniter\CodeIgniter->runController(Object(App\Controllers\Auth))
#7 C:\xampp\htdocs\D-smart\vendor\codeigniter4\framework\system\CodeIgniter.php(317): CodeIgniter\CodeIgniter->handleRequest(NULL, Object(Config\Cache), false)
#8 C:\xampp\htdocs\D-smart\public\index.php(37): CodeIgniter\CodeIgniter->run()
#9 C:\xampp\htdocs\D-smart\vendor\codeigniter4\framework\system\Commands\Server\rewrite.php(43): require_once('C:\\xampp\\htdocs...')
#10 {main}
CRITICAL - 2021-10-27 15:42:23 --> Undefined variable: validation
#0 C:\xampp\htdocs\D-smart\app\Views\auth\login.php(27): CodeIgniter\Debug\Exceptions->errorHandler(8, 'Undefined varia...', 'C:\\xampp\\htdocs...', 27, Array)
#1 C:\xampp\htdocs\D-smart\vendor\codeigniter4\framework\system\View\View.php(214): include('C:\\xampp\\htdocs...')
#2 C:\xampp\htdocs\D-smart\vendor\codeigniter4\framework\system\View\View.php(217): CodeIgniter\View\View->CodeIgniter\View\{closure}()
#3 C:\xampp\htdocs\D-smart\vendor\codeigniter4\framework\system\Common.php(1092): CodeIgniter\View\View->render('auth/login', Array, true)
#4 C:\xampp\htdocs\D-smart\app\Controllers\Auth.php(17): view('auth/login')
#5 C:\xampp\htdocs\D-smart\vendor\codeigniter4\framework\system\CodeIgniter.php(802): App\Controllers\Auth->index()
#6 C:\xampp\htdocs\D-smart\vendor\codeigniter4\framework\system\CodeIgniter.php(399): CodeIgniter\CodeIgniter->runController(Object(App\Controllers\Auth))
#7 C:\xampp\htdocs\D-smart\vendor\codeigniter4\framework\system\CodeIgniter.php(317): CodeIgniter\CodeIgniter->handleRequest(NULL, Object(Config\Cache), false)
#8 C:\xampp\htdocs\D-smart\public\index.php(37): CodeIgniter\CodeIgniter->run()
#9 C:\xampp\htdocs\D-smart\vendor\codeigniter4\framework\system\Commands\Server\rewrite.php(43): require_once('C:\\xampp\\htdocs...')
#10 {main}
CRITICAL - 2021-10-27 15:44:03 --> Undefined variable: validation
#0 C:\xampp\htdocs\D-smart\app\Views\auth\login.php(27): CodeIgniter\Debug\Exceptions->errorHandler(8, 'Undefined varia...', 'C:\\xampp\\htdocs...', 27, Array)
#1 C:\xampp\htdocs\D-smart\vendor\codeigniter4\framework\system\View\View.php(214): include('C:\\xampp\\htdocs...')
#2 C:\xampp\htdocs\D-smart\vendor\codeigniter4\framework\system\View\View.php(217): CodeIgniter\View\View->CodeIgniter\View\{closure}()
#3 C:\xampp\htdocs\D-smart\vendor\codeigniter4\framework\system\Common.php(1092): CodeIgniter\View\View->render('auth/login', Array, true)
#4 C:\xampp\htdocs\D-smart\app\Controllers\Auth.php(17): view('auth/login')
#5 C:\xampp\htdocs\D-smart\vendor\codeigniter4\framework\system\CodeIgniter.php(802): App\Controllers\Auth->index()
#6 C:\xampp\htdocs\D-smart\vendor\codeigniter4\framework\system\CodeIgniter.php(399): CodeIgniter\CodeIgniter->runController(Object(App\Controllers\Auth))
#7 C:\xampp\htdocs\D-smart\vendor\codeigniter4\framework\system\CodeIgniter.php(317): CodeIgniter\CodeIgniter->handleRequest(NULL, Object(Config\Cache), false)
#8 C:\xampp\htdocs\D-smart\public\index.php(37): CodeIgniter\CodeIgniter->run()
#9 C:\xampp\htdocs\D-smart\vendor\codeigniter4\framework\system\Commands\Server\rewrite.php(43): require_once('C:\\xampp\\htdocs...')
#10 {main}
