CRITICAL - 2021-10-28 01:40:26 --> Undefined variable: db_password
#0 C:\xampp\htdocs\D-smart\app\Libraries\Hash.php(10): CodeIgniter\Debug\Exceptions->errorHandler(8, 'Undefined varia...', 'C:\\xampp\\htdocs...', 10, Array)
#1 C:\xampp\htdocs\D-smart\app\Controllers\Auth.php(138): App\Libraries\Hash::check('898549834', '$2y$10$SkMUPgoB...')
#2 C:\xampp\htdocs\D-smart\vendor\codeigniter4\framework\system\CodeIgniter.php(802): App\Controllers\Auth->check()
#3 C:\xampp\htdocs\D-smart\vendor\codeigniter4\framework\system\CodeIgniter.php(399): CodeIgniter\CodeIgniter->runController(Object(App\Controllers\Auth))
#4 C:\xampp\htdocs\D-smart\vendor\codeigniter4\framework\system\CodeIgniter.php(317): CodeIgniter\CodeIgniter->handleRequest(NULL, Object(Config\Cache), false)
#5 C:\xampp\htdocs\D-smart\public\index.php(37): CodeIgniter\CodeIgniter->run()
#6 C:\xampp\htdocs\D-smart\vendor\codeigniter4\framework\system\Commands\Server\rewrite.php(43): require_once('C:\\xampp\\htdocs...')
#7 {main}
CRITICAL - 2021-10-28 01:42:26 --> Undefined variable: db_password
#0 C:\xampp\htdocs\D-smart\app\Libraries\Hash.php(10): CodeIgniter\Debug\Exceptions->errorHandler(8, 'Undefined varia...', 'C:\\xampp\\htdocs...', 10, Array)
#1 C:\xampp\htdocs\D-smart\app\Controllers\Auth.php(138): App\Libraries\Hash::check('34352453', '$2y$10$SkMUPgoB...')
#2 C:\xampp\htdocs\D-smart\vendor\codeigniter4\framework\system\CodeIgniter.php(802): App\Controllers\Auth->check()
#3 C:\xampp\htdocs\D-smart\vendor\codeigniter4\framework\system\CodeIgniter.php(399): CodeIgniter\CodeIgniter->runController(Object(App\Controllers\Auth))
#4 C:\xampp\htdocs\D-smart\vendor\codeigniter4\framework\system\CodeIgniter.php(317): CodeIgniter\CodeIgniter->handleRequest(NULL, Object(Config\Cache), false)
#5 C:\xampp\htdocs\D-smart\public\index.php(37): CodeIgniter\CodeIgniter->run()
#6 C:\xampp\htdocs\D-smart\vendor\codeigniter4\framework\system\Commands\Server\rewrite.php(43): require_once('C:\\xampp\\htdocs...')
#7 {main}
CRITICAL - 2021-10-28 03:25:09 --> Undefined variable: userInfo
#0 C:\xampp\htdocs\D-smart\app\Views\dashboard\index.php(85): CodeIgniter\Debug\Exceptions->errorHandler(8, 'Undefined varia...', 'C:\\xampp\\htdocs...', 85, Array)
#1 C:\xampp\htdocs\D-smart\vendor\codeigniter4\framework\system\View\View.php(214): include('C:\\xampp\\htdocs...')
#2 C:\xampp\htdocs\D-smart\vendor\codeigniter4\framework\system\View\View.php(217): CodeIgniter\View\View->CodeIgniter\View\{closure}()
#3 C:\xampp\htdocs\D-smart\vendor\codeigniter4\framework\system\Common.php(1092): CodeIgniter\View\View->render('dashboard/index', Array, true)
#4 C:\xampp\htdocs\D-smart\app\Controllers\Auth.php(21): view('dashboard/index')
#5 C:\xampp\htdocs\D-smart\vendor\codeigniter4\framework\system\CodeIgniter.php(802): App\Controllers\Auth->dashboard()
#6 C:\xampp\htdocs\D-smart\vendor\codeigniter4\framework\system\CodeIgniter.php(399): CodeIgniter\CodeIgniter->runController(Object(App\Controllers\Auth))
#7 C:\xampp\htdocs\D-smart\vendor\codeigniter4\framework\system\CodeIgniter.php(317): CodeIgniter\CodeIgniter->handleRequest(NULL, Object(Config\Cache), false)
#8 C:\xampp\htdocs\D-smart\public\index.php(37): CodeIgniter\CodeIgniter->run()
#9 C:\xampp\htdocs\D-smart\vendor\codeigniter4\framework\system\Commands\Server\rewrite.php(43): require_once('C:\\xampp\\htdocs...')
#10 {main}
