CRITICAL - 2021-10-26 15:57:55 --> Undefined variable: filed
#0 C:\xampp\htdocs\D-smart\app\Helpers\Form_helper.php(3): CodeIgniter\Debug\Exceptions->errorHandler(8, 'Undefined varia...', 'C:\\xampp\\htdocs...', 3, Array)
#1 C:\xampp\htdocs\D-smart\app\Views\auth\register.php(27): display_error(Object(CodeIgniter\Validation\Validation), 'name')
#2 C:\xampp\htdocs\D-smart\vendor\codeigniter4\framework\system\View\View.php(214): include('C:\\xampp\\htdocs...')
#3 C:\xampp\htdocs\D-smart\vendor\codeigniter4\framework\system\View\View.php(217): CodeIgniter\View\View->CodeIgniter\View\{closure}()
#4 C:\xampp\htdocs\D-smart\vendor\codeigniter4\framework\system\Common.php(1092): CodeIgniter\View\View->render('auth/register', Array, true)
#5 C:\xampp\htdocs\D-smart\app\Controllers\Auth.php(35): view('auth/register', Array)
#6 C:\xampp\htdocs\D-smart\vendor\codeigniter4\framework\system\CodeIgniter.php(802): App\Controllers\Auth->save()
#7 C:\xampp\htdocs\D-smart\vendor\codeigniter4\framework\system\CodeIgniter.php(399): CodeIgniter\CodeIgniter->runController(Object(App\Controllers\Auth))
#8 C:\xampp\htdocs\D-smart\vendor\codeigniter4\framework\system\CodeIgniter.php(317): CodeIgniter\CodeIgniter->handleRequest(NULL, Object(Config\Cache), false)
#9 C:\xampp\htdocs\D-smart\public\index.php(37): CodeIgniter\CodeIgniter->run()
#10 C:\xampp\htdocs\D-smart\vendor\codeigniter4\framework\system\Commands\Server\rewrite.php(43): require_once('C:\\xampp\\htdocs...')
#11 {main}
CRITICAL - 2021-10-26 15:57:57 --> Undefined variable: filed
#0 C:\xampp\htdocs\D-smart\app\Helpers\Form_helper.php(3): CodeIgniter\Debug\Exceptions->errorHandler(8, 'Undefined varia...', 'C:\\xampp\\htdocs...', 3, Array)
#1 C:\xampp\htdocs\D-smart\app\Views\auth\register.php(27): display_error(Object(CodeIgniter\Validation\Validation), 'name')
#2 C:\xampp\htdocs\D-smart\vendor\codeigniter4\framework\system\View\View.php(214): include('C:\\xampp\\htdocs...')
#3 C:\xampp\htdocs\D-smart\vendor\codeigniter4\framework\system\View\View.php(217): CodeIgniter\View\View->CodeIgniter\View\{closure}()
#4 C:\xampp\htdocs\D-smart\vendor\codeigniter4\framework\system\Common.php(1092): CodeIgniter\View\View->render('auth/register', Array, true)
#5 C:\xampp\htdocs\D-smart\app\Controllers\Auth.php(35): view('auth/register', Array)
#6 C:\xampp\htdocs\D-smart\vendor\codeigniter4\framework\system\CodeIgniter.php(802): App\Controllers\Auth->save()
#7 C:\xampp\htdocs\D-smart\vendor\codeigniter4\framework\system\CodeIgniter.php(399): CodeIgniter\CodeIgniter->runController(Object(App\Controllers\Auth))
#8 C:\xampp\htdocs\D-smart\vendor\codeigniter4\framework\system\CodeIgniter.php(317): CodeIgniter\CodeIgniter->handleRequest(NULL, Object(Config\Cache), false)
#9 C:\xampp\htdocs\D-smart\public\index.php(37): CodeIgniter\CodeIgniter->run()
#10 C:\xampp\htdocs\D-smart\vendor\codeigniter4\framework\system\Commands\Server\rewrite.php(43): require_once('C:\\xampp\\htdocs...')
#11 {main}
CRITICAL - 2021-10-26 15:57:57 --> Undefined variable: filed
#0 C:\xampp\htdocs\D-smart\app\Helpers\Form_helper.php(3): CodeIgniter\Debug\Exceptions->errorHandler(8, 'Undefined varia...', 'C:\\xampp\\htdocs...', 3, Array)
#1 C:\xampp\htdocs\D-smart\app\Views\auth\register.php(27): display_error(Object(CodeIgniter\Validation\Validation), 'name')
#2 C:\xampp\htdocs\D-smart\vendor\codeigniter4\framework\system\View\View.php(214): include('C:\\xampp\\htdocs...')
#3 C:\xampp\htdocs\D-smart\vendor\codeigniter4\framework\system\View\View.php(217): CodeIgniter\View\View->CodeIgniter\View\{closure}()
#4 C:\xampp\htdocs\D-smart\vendor\codeigniter4\framework\system\Common.php(1092): CodeIgniter\View\View->render('auth/register', Array, true)
#5 C:\xampp\htdocs\D-smart\app\Controllers\Auth.php(35): view('auth/register', Array)
#6 C:\xampp\htdocs\D-smart\vendor\codeigniter4\framework\system\CodeIgniter.php(802): App\Controllers\Auth->save()
#7 C:\xampp\htdocs\D-smart\vendor\codeigniter4\framework\system\CodeIgniter.php(399): CodeIgniter\CodeIgniter->runController(Object(App\Controllers\Auth))
#8 C:\xampp\htdocs\D-smart\vendor\codeigniter4\framework\system\CodeIgniter.php(317): CodeIgniter\CodeIgniter->handleRequest(NULL, Object(Config\Cache), false)
#9 C:\xampp\htdocs\D-smart\public\index.php(37): CodeIgniter\CodeIgniter->run()
#10 C:\xampp\htdocs\D-smart\vendor\codeigniter4\framework\system\Commands\Server\rewrite.php(43): require_once('C:\\xampp\\htdocs...')
#11 {main}
CRITICAL - 2021-10-26 15:57:57 --> Undefined variable: filed
#0 C:\xampp\htdocs\D-smart\app\Helpers\Form_helper.php(3): CodeIgniter\Debug\Exceptions->errorHandler(8, 'Undefined varia...', 'C:\\xampp\\htdocs...', 3, Array)
#1 C:\xampp\htdocs\D-smart\app\Views\auth\register.php(27): display_error(Object(CodeIgniter\Validation\Validation), 'name')
#2 C:\xampp\htdocs\D-smart\vendor\codeigniter4\framework\system\View\View.php(214): include('C:\\xampp\\htdocs...')
#3 C:\xampp\htdocs\D-smart\vendor\codeigniter4\framework\system\View\View.php(217): CodeIgniter\View\View->CodeIgniter\View\{closure}()
#4 C:\xampp\htdocs\D-smart\vendor\codeigniter4\framework\system\Common.php(1092): CodeIgniter\View\View->render('auth/register', Array, true)
#5 C:\xampp\htdocs\D-smart\app\Controllers\Auth.php(35): view('auth/register', Array)
#6 C:\xampp\htdocs\D-smart\vendor\codeigniter4\framework\system\CodeIgniter.php(802): App\Controllers\Auth->save()
#7 C:\xampp\htdocs\D-smart\vendor\codeigniter4\framework\system\CodeIgniter.php(399): CodeIgniter\CodeIgniter->runController(Object(App\Controllers\Auth))
#8 C:\xampp\htdocs\D-smart\vendor\codeigniter4\framework\system\CodeIgniter.php(317): CodeIgniter\CodeIgniter->handleRequest(NULL, Object(Config\Cache), false)
#9 C:\xampp\htdocs\D-smart\public\index.php(37): CodeIgniter\CodeIgniter->run()
#10 C:\xampp\htdocs\D-smart\vendor\codeigniter4\framework\system\Commands\Server\rewrite.php(43): require_once('C:\\xampp\\htdocs...')
#11 {main}
CRITICAL - 2021-10-26 15:57:57 --> Undefined variable: filed
#0 C:\xampp\htdocs\D-smart\app\Helpers\Form_helper.php(3): CodeIgniter\Debug\Exceptions->errorHandler(8, 'Undefined varia...', 'C:\\xampp\\htdocs...', 3, Array)
#1 C:\xampp\htdocs\D-smart\app\Views\auth\register.php(27): display_error(Object(CodeIgniter\Validation\Validation), 'name')
#2 C:\xampp\htdocs\D-smart\vendor\codeigniter4\framework\system\View\View.php(214): include('C:\\xampp\\htdocs...')
#3 C:\xampp\htdocs\D-smart\vendor\codeigniter4\framework\system\View\View.php(217): CodeIgniter\View\View->CodeIgniter\View\{closure}()
#4 C:\xampp\htdocs\D-smart\vendor\codeigniter4\framework\system\Common.php(1092): CodeIgniter\View\View->render('auth/register', Array, true)
#5 C:\xampp\htdocs\D-smart\app\Controllers\Auth.php(35): view('auth/register', Array)
#6 C:\xampp\htdocs\D-smart\vendor\codeigniter4\framework\system\CodeIgniter.php(802): App\Controllers\Auth->save()
#7 C:\xampp\htdocs\D-smart\vendor\codeigniter4\framework\system\CodeIgniter.php(399): CodeIgniter\CodeIgniter->runController(Object(App\Controllers\Auth))
#8 C:\xampp\htdocs\D-smart\vendor\codeigniter4\framework\system\CodeIgniter.php(317): CodeIgniter\CodeIgniter->handleRequest(NULL, Object(Config\Cache), false)
#9 C:\xampp\htdocs\D-smart\public\index.php(37): CodeIgniter\CodeIgniter->run()
#10 C:\xampp\htdocs\D-smart\vendor\codeigniter4\framework\system\Commands\Server\rewrite.php(43): require_once('C:\\xampp\\htdocs...')
#11 {main}
CRITICAL - 2021-10-26 15:57:57 --> Undefined variable: filed
#0 C:\xampp\htdocs\D-smart\app\Helpers\Form_helper.php(3): CodeIgniter\Debug\Exceptions->errorHandler(8, 'Undefined varia...', 'C:\\xampp\\htdocs...', 3, Array)
#1 C:\xampp\htdocs\D-smart\app\Views\auth\register.php(27): display_error(Object(CodeIgniter\Validation\Validation), 'name')
#2 C:\xampp\htdocs\D-smart\vendor\codeigniter4\framework\system\View\View.php(214): include('C:\\xampp\\htdocs...')
#3 C:\xampp\htdocs\D-smart\vendor\codeigniter4\framework\system\View\View.php(217): CodeIgniter\View\View->CodeIgniter\View\{closure}()
#4 C:\xampp\htdocs\D-smart\vendor\codeigniter4\framework\system\Common.php(1092): CodeIgniter\View\View->render('auth/register', Array, true)
#5 C:\xampp\htdocs\D-smart\app\Controllers\Auth.php(35): view('auth/register', Array)
#6 C:\xampp\htdocs\D-smart\vendor\codeigniter4\framework\system\CodeIgniter.php(802): App\Controllers\Auth->save()
#7 C:\xampp\htdocs\D-smart\vendor\codeigniter4\framework\system\CodeIgniter.php(399): CodeIgniter\CodeIgniter->runController(Object(App\Controllers\Auth))
#8 C:\xampp\htdocs\D-smart\vendor\codeigniter4\framework\system\CodeIgniter.php(317): CodeIgniter\CodeIgniter->handleRequest(NULL, Object(Config\Cache), false)
#9 C:\xampp\htdocs\D-smart\public\index.php(37): CodeIgniter\CodeIgniter->run()
#10 C:\xampp\htdocs\D-smart\vendor\codeigniter4\framework\system\Commands\Server\rewrite.php(43): require_once('C:\\xampp\\htdocs...')
#11 {main}
CRITICAL - 2021-10-26 15:57:57 --> Undefined variable: filed
#0 C:\xampp\htdocs\D-smart\app\Helpers\Form_helper.php(3): CodeIgniter\Debug\Exceptions->errorHandler(8, 'Undefined varia...', 'C:\\xampp\\htdocs...', 3, Array)
#1 C:\xampp\htdocs\D-smart\app\Views\auth\register.php(27): display_error(Object(CodeIgniter\Validation\Validation), 'name')
#2 C:\xampp\htdocs\D-smart\vendor\codeigniter4\framework\system\View\View.php(214): include('C:\\xampp\\htdocs...')
#3 C:\xampp\htdocs\D-smart\vendor\codeigniter4\framework\system\View\View.php(217): CodeIgniter\View\View->CodeIgniter\View\{closure}()
#4 C:\xampp\htdocs\D-smart\vendor\codeigniter4\framework\system\Common.php(1092): CodeIgniter\View\View->render('auth/register', Array, true)
#5 C:\xampp\htdocs\D-smart\app\Controllers\Auth.php(35): view('auth/register', Array)
#6 C:\xampp\htdocs\D-smart\vendor\codeigniter4\framework\system\CodeIgniter.php(802): App\Controllers\Auth->save()
#7 C:\xampp\htdocs\D-smart\vendor\codeigniter4\framework\system\CodeIgniter.php(399): CodeIgniter\CodeIgniter->runController(Object(App\Controllers\Auth))
#8 C:\xampp\htdocs\D-smart\vendor\codeigniter4\framework\system\CodeIgniter.php(317): CodeIgniter\CodeIgniter->handleRequest(NULL, Object(Config\Cache), false)
#9 C:\xampp\htdocs\D-smart\public\index.php(37): CodeIgniter\CodeIgniter->run()
#10 C:\xampp\htdocs\D-smart\vendor\codeigniter4\framework\system\Commands\Server\rewrite.php(43): require_once('C:\\xampp\\htdocs...')
#11 {main}
CRITICAL - 2021-10-26 15:57:57 --> Undefined variable: filed
#0 C:\xampp\htdocs\D-smart\app\Helpers\Form_helper.php(3): CodeIgniter\Debug\Exceptions->errorHandler(8, 'Undefined varia...', 'C:\\xampp\\htdocs...', 3, Array)
#1 C:\xampp\htdocs\D-smart\app\Views\auth\register.php(27): display_error(Object(CodeIgniter\Validation\Validation), 'name')
#2 C:\xampp\htdocs\D-smart\vendor\codeigniter4\framework\system\View\View.php(214): include('C:\\xampp\\htdocs...')
#3 C:\xampp\htdocs\D-smart\vendor\codeigniter4\framework\system\View\View.php(217): CodeIgniter\View\View->CodeIgniter\View\{closure}()
#4 C:\xampp\htdocs\D-smart\vendor\codeigniter4\framework\system\Common.php(1092): CodeIgniter\View\View->render('auth/register', Array, true)
#5 C:\xampp\htdocs\D-smart\app\Controllers\Auth.php(35): view('auth/register', Array)
#6 C:\xampp\htdocs\D-smart\vendor\codeigniter4\framework\system\CodeIgniter.php(802): App\Controllers\Auth->save()
#7 C:\xampp\htdocs\D-smart\vendor\codeigniter4\framework\system\CodeIgniter.php(399): CodeIgniter\CodeIgniter->runController(Object(App\Controllers\Auth))
#8 C:\xampp\htdocs\D-smart\vendor\codeigniter4\framework\system\CodeIgniter.php(317): CodeIgniter\CodeIgniter->handleRequest(NULL, Object(Config\Cache), false)
#9 C:\xampp\htdocs\D-smart\public\index.php(37): CodeIgniter\CodeIgniter->run()
#10 C:\xampp\htdocs\D-smart\vendor\codeigniter4\framework\system\Commands\Server\rewrite.php(43): require_once('C:\\xampp\\htdocs...')
#11 {main}
CRITICAL - 2021-10-26 15:57:57 --> Undefined variable: filed
#0 C:\xampp\htdocs\D-smart\app\Helpers\Form_helper.php(3): CodeIgniter\Debug\Exceptions->errorHandler(8, 'Undefined varia...', 'C:\\xampp\\htdocs...', 3, Array)
#1 C:\xampp\htdocs\D-smart\app\Views\auth\register.php(27): display_error(Object(CodeIgniter\Validation\Validation), 'name')
#2 C:\xampp\htdocs\D-smart\vendor\codeigniter4\framework\system\View\View.php(214): include('C:\\xampp\\htdocs...')
#3 C:\xampp\htdocs\D-smart\vendor\codeigniter4\framework\system\View\View.php(217): CodeIgniter\View\View->CodeIgniter\View\{closure}()
#4 C:\xampp\htdocs\D-smart\vendor\codeigniter4\framework\system\Common.php(1092): CodeIgniter\View\View->render('auth/register', Array, true)
#5 C:\xampp\htdocs\D-smart\app\Controllers\Auth.php(35): view('auth/register', Array)
#6 C:\xampp\htdocs\D-smart\vendor\codeigniter4\framework\system\CodeIgniter.php(802): App\Controllers\Auth->save()
#7 C:\xampp\htdocs\D-smart\vendor\codeigniter4\framework\system\CodeIgniter.php(399): CodeIgniter\CodeIgniter->runController(Object(App\Controllers\Auth))
#8 C:\xampp\htdocs\D-smart\vendor\codeigniter4\framework\system\CodeIgniter.php(317): CodeIgniter\CodeIgniter->handleRequest(NULL, Object(Config\Cache), false)
#9 C:\xampp\htdocs\D-smart\public\index.php(37): CodeIgniter\CodeIgniter->run()
#10 C:\xampp\htdocs\D-smart\vendor\codeigniter4\framework\system\Commands\Server\rewrite.php(43): require_once('C:\\xampp\\htdocs...')
#11 {main}
CRITICAL - 2021-10-26 15:58:07 --> Undefined variable: filed
#0 C:\xampp\htdocs\D-smart\app\Helpers\Form_helper.php(3): CodeIgniter\Debug\Exceptions->errorHandler(8, 'Undefined varia...', 'C:\\xampp\\htdocs...', 3, Array)
#1 C:\xampp\htdocs\D-smart\app\Views\auth\register.php(27): display_error(Object(CodeIgniter\Validation\Validation), 'name')
#2 C:\xampp\htdocs\D-smart\vendor\codeigniter4\framework\system\View\View.php(214): include('C:\\xampp\\htdocs...')
#3 C:\xampp\htdocs\D-smart\vendor\codeigniter4\framework\system\View\View.php(217): CodeIgniter\View\View->CodeIgniter\View\{closure}()
#4 C:\xampp\htdocs\D-smart\vendor\codeigniter4\framework\system\Common.php(1092): CodeIgniter\View\View->render('auth/register', Array, true)
#5 C:\xampp\htdocs\D-smart\app\Controllers\Auth.php(35): view('auth/register', Array)
#6 C:\xampp\htdocs\D-smart\vendor\codeigniter4\framework\system\CodeIgniter.php(802): App\Controllers\Auth->save()
#7 C:\xampp\htdocs\D-smart\vendor\codeigniter4\framework\system\CodeIgniter.php(399): CodeIgniter\CodeIgniter->runController(Object(App\Controllers\Auth))
#8 C:\xampp\htdocs\D-smart\vendor\codeigniter4\framework\system\CodeIgniter.php(317): CodeIgniter\CodeIgniter->handleRequest(NULL, Object(Config\Cache), false)
#9 C:\xampp\htdocs\D-smart\public\index.php(37): CodeIgniter\CodeIgniter->run()
#10 C:\xampp\htdocs\D-smart\vendor\codeigniter4\framework\system\Commands\Server\rewrite.php(43): require_once('C:\\xampp\\htdocs...')
#11 {main}
CRITICAL - 2021-10-26 15:58:43 --> Call to undefined function getError()
#0 C:\xampp\htdocs\D-smart\app\Views\auth\register.php(27): display_error(Object(CodeIgniter\Validation\Validation), 'name')
#1 C:\xampp\htdocs\D-smart\vendor\codeigniter4\framework\system\View\View.php(214): include('C:\\xampp\\htdocs...')
#2 C:\xampp\htdocs\D-smart\vendor\codeigniter4\framework\system\View\View.php(217): CodeIgniter\View\View->CodeIgniter\View\{closure}()
#3 C:\xampp\htdocs\D-smart\vendor\codeigniter4\framework\system\Common.php(1092): CodeIgniter\View\View->render('auth/register', Array, true)
#4 C:\xampp\htdocs\D-smart\app\Controllers\Auth.php(35): view('auth/register', Array)
#5 C:\xampp\htdocs\D-smart\vendor\codeigniter4\framework\system\CodeIgniter.php(802): App\Controllers\Auth->save()
#6 C:\xampp\htdocs\D-smart\vendor\codeigniter4\framework\system\CodeIgniter.php(399): CodeIgniter\CodeIgniter->runController(Object(App\Controllers\Auth))
#7 C:\xampp\htdocs\D-smart\vendor\codeigniter4\framework\system\CodeIgniter.php(317): CodeIgniter\CodeIgniter->handleRequest(NULL, Object(Config\Cache), false)
#8 C:\xampp\htdocs\D-smart\public\index.php(37): CodeIgniter\CodeIgniter->run()
#9 C:\xampp\htdocs\D-smart\vendor\codeigniter4\framework\system\Commands\Server\rewrite.php(43): require_once('C:\\xampp\\htdocs...')
#10 {main}
CRITICAL - 2021-10-26 15:58:55 --> Call to undefined function getError()
#0 C:\xampp\htdocs\D-smart\app\Views\auth\register.php(27): display_error(Object(CodeIgniter\Validation\Validation), 'name')
#1 C:\xampp\htdocs\D-smart\vendor\codeigniter4\framework\system\View\View.php(214): include('C:\\xampp\\htdocs...')
#2 C:\xampp\htdocs\D-smart\vendor\codeigniter4\framework\system\View\View.php(217): CodeIgniter\View\View->CodeIgniter\View\{closure}()
#3 C:\xampp\htdocs\D-smart\vendor\codeigniter4\framework\system\Common.php(1092): CodeIgniter\View\View->render('auth/register', Array, true)
#4 C:\xampp\htdocs\D-smart\app\Controllers\Auth.php(35): view('auth/register', Array)
#5 C:\xampp\htdocs\D-smart\vendor\codeigniter4\framework\system\CodeIgniter.php(802): App\Controllers\Auth->save()
#6 C:\xampp\htdocs\D-smart\vendor\codeigniter4\framework\system\CodeIgniter.php(399): CodeIgniter\CodeIgniter->runController(Object(App\Controllers\Auth))
#7 C:\xampp\htdocs\D-smart\vendor\codeigniter4\framework\system\CodeIgniter.php(317): CodeIgniter\CodeIgniter->handleRequest(NULL, Object(Config\Cache), false)
#8 C:\xampp\htdocs\D-smart\public\index.php(37): CodeIgniter\CodeIgniter->run()
#9 C:\xampp\htdocs\D-smart\vendor\codeigniter4\framework\system\Commands\Server\rewrite.php(43): require_once('C:\\xampp\\htdocs...')
#10 {main}
CRITICAL - 2021-10-26 16:25:50 --> valie_email is not a valid rule.
#0 C:\xampp\htdocs\D-smart\vendor\codeigniter4\framework\system\Validation\Validation.php(285): CodeIgniter\Validation\Exceptions\ValidationException::forRuleNotFound('valie_email')
#1 C:\xampp\htdocs\D-smart\vendor\codeigniter4\framework\system\Validation\Validation.php(151): CodeIgniter\Validation\Validation->processRules('email', 'email', 'leonardsangoroh...', Array, Array)
#2 C:\xampp\htdocs\D-smart\vendor\codeigniter4\framework\system\Controller.php(160): CodeIgniter\Validation\Validation->run()
#3 C:\xampp\htdocs\D-smart\app\Controllers\Auth.php(37): CodeIgniter\Controller->validate(Array)
#4 C:\xampp\htdocs\D-smart\vendor\codeigniter4\framework\system\CodeIgniter.php(802): App\Controllers\Auth->save()
#5 C:\xampp\htdocs\D-smart\vendor\codeigniter4\framework\system\CodeIgniter.php(399): CodeIgniter\CodeIgniter->runController(Object(App\Controllers\Auth))
#6 C:\xampp\htdocs\D-smart\vendor\codeigniter4\framework\system\CodeIgniter.php(317): CodeIgniter\CodeIgniter->handleRequest(NULL, Object(Config\Cache), false)
#7 C:\xampp\htdocs\D-smart\public\index.php(37): CodeIgniter\CodeIgniter->run()
#8 C:\xampp\htdocs\D-smart\vendor\codeigniter4\framework\system\Commands\Server\rewrite.php(43): require_once('C:\\xampp\\htdocs...')
#9 {main}
CRITICAL - 2021-10-26 16:26:25 --> valie_email is not a valid rule.
#0 C:\xampp\htdocs\D-smart\vendor\codeigniter4\framework\system\Validation\Validation.php(285): CodeIgniter\Validation\Exceptions\ValidationException::forRuleNotFound('valie_email')
#1 C:\xampp\htdocs\D-smart\vendor\codeigniter4\framework\system\Validation\Validation.php(151): CodeIgniter\Validation\Validation->processRules('email', 'email', 'leonardsangoroh...', Array, Array)
#2 C:\xampp\htdocs\D-smart\vendor\codeigniter4\framework\system\Controller.php(160): CodeIgniter\Validation\Validation->run()
#3 C:\xampp\htdocs\D-smart\app\Controllers\Auth.php(37): CodeIgniter\Controller->validate(Array)
#4 C:\xampp\htdocs\D-smart\vendor\codeigniter4\framework\system\CodeIgniter.php(802): App\Controllers\Auth->save()
#5 C:\xampp\htdocs\D-smart\vendor\codeigniter4\framework\system\CodeIgniter.php(399): CodeIgniter\CodeIgniter->runController(Object(App\Controllers\Auth))
#6 C:\xampp\htdocs\D-smart\vendor\codeigniter4\framework\system\CodeIgniter.php(317): CodeIgniter\CodeIgniter->handleRequest(NULL, Object(Config\Cache), false)
#7 C:\xampp\htdocs\D-smart\public\index.php(37): CodeIgniter\CodeIgniter->run()
#8 C:\xampp\htdocs\D-smart\vendor\codeigniter4\framework\system\Commands\Server\rewrite.php(43): require_once('C:\\xampp\\htdocs...')
#9 {main}
CRITICAL - 2021-10-26 16:30:56 --> Argument 2 passed to CodeIgniter\Validation\Rules::min_length() must be of the type string, null given, called in C:\xampp\htdocs\D-smart\vendor\codeigniter4\framework\system\Validation\Validation.php on line 277
#0 C:\xampp\htdocs\D-smart\vendor\codeigniter4\framework\system\Validation\Validation.php(277): CodeIgniter\Validation\Rules->min_length('1', NULL)
#1 C:\xampp\htdocs\D-smart\vendor\codeigniter4\framework\system\Validation\Validation.php(151): CodeIgniter\Validation\Validation->processRules('password', 'password', '1', Array, Array)
#2 C:\xampp\htdocs\D-smart\vendor\codeigniter4\framework\system\Controller.php(160): CodeIgniter\Validation\Validation->run()
#3 C:\xampp\htdocs\D-smart\app\Controllers\Auth.php(37): CodeIgniter\Controller->validate(Array)
#4 C:\xampp\htdocs\D-smart\vendor\codeigniter4\framework\system\CodeIgniter.php(802): App\Controllers\Auth->save()
#5 C:\xampp\htdocs\D-smart\vendor\codeigniter4\framework\system\CodeIgniter.php(399): CodeIgniter\CodeIgniter->runController(Object(App\Controllers\Auth))
#6 C:\xampp\htdocs\D-smart\vendor\codeigniter4\framework\system\CodeIgniter.php(317): CodeIgniter\CodeIgniter->handleRequest(NULL, Object(Config\Cache), false)
#7 C:\xampp\htdocs\D-smart\public\index.php(37): CodeIgniter\CodeIgniter->run()
#8 C:\xampp\htdocs\D-smart\vendor\codeigniter4\framework\system\Commands\Server\rewrite.php(43): require_once('C:\\xampp\\htdocs...')
#9 {main}
CRITICAL - 2021-10-26 16:32:47 --> Argument 2 passed to CodeIgniter\Validation\Rules::min_length() must be of the type string, null given, called in C:\xampp\htdocs\D-smart\vendor\codeigniter4\framework\system\Validation\Validation.php on line 277
#0 C:\xampp\htdocs\D-smart\vendor\codeigniter4\framework\system\Validation\Validation.php(277): CodeIgniter\Validation\Rules->min_length('11111', NULL)
#1 C:\xampp\htdocs\D-smart\vendor\codeigniter4\framework\system\Validation\Validation.php(151): CodeIgniter\Validation\Validation->processRules('cpassword', 'cpassword', '11111', Array, Array)
#2 C:\xampp\htdocs\D-smart\vendor\codeigniter4\framework\system\Controller.php(160): CodeIgniter\Validation\Validation->run()
#3 C:\xampp\htdocs\D-smart\app\Controllers\Auth.php(37): CodeIgniter\Controller->validate(Array)
#4 C:\xampp\htdocs\D-smart\vendor\codeigniter4\framework\system\CodeIgniter.php(802): App\Controllers\Auth->save()
#5 C:\xampp\htdocs\D-smart\vendor\codeigniter4\framework\system\CodeIgniter.php(399): CodeIgniter\CodeIgniter->runController(Object(App\Controllers\Auth))
#6 C:\xampp\htdocs\D-smart\vendor\codeigniter4\framework\system\CodeIgniter.php(317): CodeIgniter\CodeIgniter->handleRequest(NULL, Object(Config\Cache), false)
#7 C:\xampp\htdocs\D-smart\public\index.php(37): CodeIgniter\CodeIgniter->run()
#8 C:\xampp\htdocs\D-smart\vendor\codeigniter4\framework\system\Commands\Server\rewrite.php(43): require_once('C:\\xampp\\htdocs...')
#9 {main}
CRITICAL - 2021-10-26 16:49:52 --> Cannot declare class App\Models\UserModel, because the name is already in use
#0 [internal function]: CodeIgniter\Debug\Exceptions->shutdownHandler()
#1 {main}
